<?xml version="1.0" encoding="UTF-8"?>
<testsuite xmlns:xsi="http://www.w3.org/2001/XMLSchema-instance" xsi:noNamespaceSchemaLocation="https://maven.apache.org/surefire/maven-surefire-plugin/xsd/surefire-test-report.xsd" name="com.schindler.ioee.AppTest" time="4.164" tests="4" errors="0" skipped="0" failures="0">
  <properties>
[...]
</properties>
  <testcase name="canConfigureClientSubscriptions" classname="com.schindler.ioee.AppTest" time="3.085"/>
  <testcase name="shouldAnswerWithTrue" classname="com.schindler.ioee.AppTest" time="0.001"/>
  <testcase name="canExecuteShowSMRPSubscriptions" classname="com.schindler.ioee.AppTest" time="0.033"/>
  <testcase name="canOpenCloseSession" classname="com.schindler.ioee.AppTest" time="0.004"/>
</testsuite>